#
#<?php die('Forbidden.'); ?>
#Date: 2018-12-18 13:06:01 UTC
#Software: Joomla Platform 13.1.0 Stable [ Curiosity ] 24-Apr-2013 00:00 GMT

#Fields: datetime	priority clientip	category	message
2018-12-18T13:06:01+00:00	CRITICAL ::1	error	Uncaught \Throwable of type Exception thrown. Stack trace: #0 /Users/izharaazmi/Sites/seattle/Quickstart/libraries/sellacious/helper/helper.php(160): SellaciousHelper->detectPath()
#1 /Users/izharaazmi/Sites/seattle/Quickstart/libraries/sellacious/loader.php(24): SellaciousHelper::getInstance()
#2 /Users/izharaazmi/Sites/seattle/Quickstart/libraries/loader.php(226): include_once('/Users/izharaaz...')
#3 /Users/izharaazmi/Sites/seattle/Quickstart/libraries/loader.php(845): JLoader::import('sellacious.load...', '/Users/izharaaz...')
#4 /Users/izharaazmi/Sites/seattle/Quickstart/administrator/components/com_sellacious/controller.php(33): jimport('sellacious.load...')
#5 /Users/izharaazmi/Sites/seattle/Quickstart/libraries/src/MVC/Controller/BaseController.php(710): SellaciousController->display()
#6 /Users/izharaazmi/Sites/seattle/Quickstart/administrator/components/com_sellacious/sellacious.php(16): Joomla\CMS\MVC\Controller\BaseController->execute('')
#7 /Users/izharaazmi/Sites/seattle/Quickstart/libraries/src/Component/ComponentHelper.php(382): require_once('/Users/izharaaz...')
#8 /Users/izharaazmi/Sites/seattle/Quickstart/libraries/src/Component/ComponentHelper.php(357): Joomla\CMS\Component\ComponentHelper::executeComponent('/Users/izharaaz...')
#9 /Users/izharaazmi/Sites/seattle/Quickstart/libraries/src/Application/AdministratorApplication.php(101): Joomla\CMS\Component\ComponentHelper::renderComponent('com_sellacious')
#10 /Users/izharaazmi/Sites/seattle/Quickstart/libraries/src/Application/AdministratorApplication.php(159): Joomla\CMS\Application\AdministratorApplication->dispatch()
#11 /Users/izharaazmi/Sites/seattle/Quickstart/libraries/src/Application/CMSApplication.php(195): Joomla\CMS\Application\AdministratorApplication->doExecute()
#12 /Users/izharaazmi/Sites/seattle/Quickstart/administrator/index.php(51): Joomla\CMS\Application\CMSApplication->execute()
#13 {main}
2018-12-18T13:06:19+00:00	CRITICAL ::1	error	Uncaught \Throwable of type Exception thrown. Stack trace: #0 /Users/izharaazmi/Sites/seattle/Quickstart/libraries/sellacious/helper/helper.php(160): SellaciousHelper->detectPath()
#1 /Users/izharaazmi/Sites/seattle/Quickstart/libraries/sellacious/loader.php(24): SellaciousHelper::getInstance()
#2 /Users/izharaazmi/Sites/seattle/Quickstart/libraries/loader.php(226): include_once('/Users/izharaaz...')
#3 /Users/izharaazmi/Sites/seattle/Quickstart/libraries/loader.php(845): JLoader::import('sellacious.load...', '/Users/izharaaz...')
#4 /Users/izharaazmi/Sites/seattle/Quickstart/tmp/install_5c18efc18fec7/extensions/install_5c18f0cabd171/install.php(14): jimport('sellacious.load...')
#5 /Users/izharaazmi/Sites/seattle/Quickstart/libraries/loader.php(260): include_once('/Users/izharaaz...')
#6 [internal function]: JLoader::load('com_importerIns...')
#7 [internal function]: spl_autoload_call('com_importerIns...')
#8 /Users/izharaazmi/Sites/seattle/Quickstart/libraries/src/Installer/InstallerAdapter.php(971): class_exists('com_importerIns...')
#9 /Users/izharaazmi/Sites/seattle/Quickstart/libraries/src/Installer/InstallerAdapter.php(708): Joomla\CMS\Installer\InstallerAdapter->setupScriptfile()
#10 /Users/izharaazmi/Sites/seattle/Quickstart/libraries/src/Installer/Installer.php(521): Joomla\CMS\Installer\InstallerAdapter->install()
#11 /Users/izharaazmi/Sites/seattle/Quickstart/libraries/src/Installer/Adapter/PackageAdapter.php(160): Joomla\CMS\Installer\Installer->install('/Users/izharaaz...')
#12 /Users/izharaazmi/Sites/seattle/Quickstart/libraries/src/Installer/InstallerAdapter.php(744): Joomla\CMS\Installer\Adapter\PackageAdapter->copyBaseFiles()
#13 /Users/izharaazmi/Sites/seattle/Quickstart/libraries/src/Installer/Installer.php(521): Joomla\CMS\Installer\InstallerAdapter->install()
#14 /Users/izharaazmi/Sites/seattle/Quickstart/administrator/components/com_installer/models/install.php(187): Joomla\CMS\Installer\Installer->install('/Users/izharaaz...')
#15 /Users/izharaazmi/Sites/seattle/Quickstart/administrator/components/com_sellacious/controller.php(124): InstallerModelInstall->install()
#16 /Users/izharaazmi/Sites/seattle/Quickstart/libraries/src/MVC/Controller/BaseController.php(710): SellaciousController->install()
#17 /Users/izharaazmi/Sites/seattle/Quickstart/administrator/components/com_sellacious/sellacious.php(16): Joomla\CMS\MVC\Controller\BaseController->execute('install')
#18 /Users/izharaazmi/Sites/seattle/Quickstart/libraries/src/Component/ComponentHelper.php(382): require_once('/Users/izharaaz...')
#19 /Users/izharaazmi/Sites/seattle/Quickstart/libraries/src/Component/ComponentHelper.php(357): Joomla\CMS\Component\ComponentHelper::executeComponent('/Users/izharaaz...')
#20 /Users/izharaazmi/Sites/seattle/Quickstart/libraries/src/Application/AdministratorApplication.php(101): Joomla\CMS\Component\ComponentHelper::renderComponent('com_sellacious')
#21 /Users/izharaazmi/Sites/seattle/Quickstart/libraries/src/Application/AdministratorApplication.php(159): Joomla\CMS\Application\AdministratorApplication->dispatch()
#22 /Users/izharaazmi/Sites/seattle/Quickstart/libraries/src/Application/CMSApplication.php(195): Joomla\CMS\Application\AdministratorApplication->doExecute()
#23 /Users/izharaazmi/Sites/seattle/Quickstart/administrator/index.php(51): Joomla\CMS\Application\CMSApplication->execute()
#24 {main}
2018-12-18T14:51:59+00:00	CRITICAL ::1	error	Uncaught \Throwable of type Exception thrown. Stack trace: #0 /Users/izharaazmi/Sites/seattle/Quickstart/libraries/sellacious/helper/helper.php(160): SellaciousHelper->detectPath()
#1 /Users/izharaazmi/Sites/seattle/Quickstart/libraries/sellacious/loader.php(24): SellaciousHelper::getInstance()
#2 /Users/izharaazmi/Sites/seattle/Quickstart/libraries/loader.php(226): include_once('/Users/izharaaz...')
#3 /Users/izharaazmi/Sites/seattle/Quickstart/libraries/loader.php(845): JLoader::import('sellacious.load...', '/Users/izharaaz...')
#4 /Users/izharaazmi/Sites/seattle/Quickstart/administrator/components/com_sellacious/controller.php(33): jimport('sellacious.load...')
#5 /Users/izharaazmi/Sites/seattle/Quickstart/libraries/src/MVC/Controller/BaseController.php(710): SellaciousController->display()
#6 /Users/izharaazmi/Sites/seattle/Quickstart/administrator/components/com_sellacious/sellacious.php(16): Joomla\CMS\MVC\Controller\BaseController->execute('')
#7 /Users/izharaazmi/Sites/seattle/Quickstart/libraries/src/Component/ComponentHelper.php(382): require_once('/Users/izharaaz...')
#8 /Users/izharaazmi/Sites/seattle/Quickstart/libraries/src/Component/ComponentHelper.php(357): Joomla\CMS\Component\ComponentHelper::executeComponent('/Users/izharaaz...')
#9 /Users/izharaazmi/Sites/seattle/Quickstart/libraries/src/Application/AdministratorApplication.php(101): Joomla\CMS\Component\ComponentHelper::renderComponent('com_sellacious')
#10 /Users/izharaazmi/Sites/seattle/Quickstart/libraries/src/Application/AdministratorApplication.php(159): Joomla\CMS\Application\AdministratorApplication->dispatch()
#11 /Users/izharaazmi/Sites/seattle/Quickstart/libraries/src/Application/CMSApplication.php(195): Joomla\CMS\Application\AdministratorApplication->doExecute()
#12 /Users/izharaazmi/Sites/seattle/Quickstart/administrator/index.php(51): Joomla\CMS\Application\CMSApplication->execute()
#13 {main}
